Hello from thread 0 in process 1!
Hello from thread 8 in process 1!
Hello from thread 4 in process 1!
Hello from thread 9 in process 1!
Hello from thread 3 in process 1!
Hello from thread 7 in process 1!
Hello from thread 6 in process 1!
Hello from thread 1 in process 1!
Hello from thread 2 in process 1!
Hello from thread 5 in process 1!
Hello from thread 0 in process 0!
Hello from thread 1 in process 0!
Hello from thread 9 in process 0!
Hello from thread 8 in process 0!
Hello from thread 2 in process 0!
Hello from thread 6 in process 0!
Hello from thread 5 in process 0!
Hello from thread 4 in process 0!
Hello from thread 3 in process 0!
Hello from thread 7 in process 0!

Provided thread support level: 1
  0 - MPI_THREAD_SINGLE
  1 - MPI_THREAD_FUNNELED
  2 - MPI_THREAD_SERIALIZED
  3 - MPI_THREAD_MULTIPLE
Hello from thread 0 in process 2!
Hello from thread 8 in process 2!
Hello from thread 1 in process 2!
Hello from thread 2 in process 2!
Hello from thread 4 in process 2!
Hello from thread 5 in process 2!
Hello from thread 7 in process 2!
Hello from thread 9 in process 2!
Hello from thread 3 in process 2!
Hello from thread 6 in process 2!
Hello from thread 2 in process 3!
Hello from thread 9 in process 3!
Hello from thread 0 in process 3!
Hello from thread 3 in process 3!
Hello from thread 6 in process 3!
Hello from thread 8 in process 3!
Hello from thread 7 in process 3!
Hello from thread 5 in process 3!
Hello from thread 1 in process 3!
Hello from thread 4 in process 3!
