+ '[' -z '' ']'
+ case "$-" in
+ __lmod_vx=x
+ '[' -n x ']'
+ set +x
Shell debugging temporarily silenced: export LMOD_SH_DBG_ON=1 for this output (/opt/cray/pe/lmod/lmod/init/bash)
Shell debugging restarted
+ unset __lmod_vx
+ srun first-go
MPICH ERROR [Rank 0] [job id 19489683.0] [Wed Jun 24 13:45:15 2026] [nid002510] - Abort(537513998) (rank 0 in comm 0): Fatal error in PMPI_Recv: Message truncated, error stack:
PMPI_Recv(177)....: MPI_Recv(buf=0x308a90, count=1, MPI_INT, src=1, tag=123, MPI_COMM_WORLD, status=0x1) failed
progress_recv(174): Message from rank 1 and tag 1 truncated; 4 bytes received but buffer size is 28

aborting job:
Fatal error in PMPI_Recv: Message truncated, error stack:
PMPI_Recv(177)....: MPI_Recv(buf=0x308a90, count=1, MPI_INT, src=1, tag=123, MPI_COMM_WORLD, status=0x1) failed
progress_recv(174): Message from rank 1 and tag 1 truncated; 4 bytes received but buffer size is 28
srun: error: nid002510: task 0: Exited with exit code 255
srun: Terminating StepId=19489683.0
slurmstepd: error: *** STEP 19489683.0 ON nid002510 CANCELLED AT 2026-06-24T13:45:15 ***
srun: error: nid002510: task 1: Terminated
srun: Force Terminated StepId=19489683.0
