Sender: 0. Sent elements: 10000000. Tag: 1. Receiver: 1
Receiver: 0. first element -1
Sender: 1. Sent elements: 10000000. Tag: 2. Receiver: 2
Receiver: 1. first element 0
Sender: 2. Sent elements: 10000000. Tag: 3. Receiver: 3
Receiver: 2. first element 1
Sender: 3. Sent elements: 10000000. Tag: 4. Receiver: 4
Receiver: 3. first element 2
Sender: 4. Sent elements: 10000000. Tag: 5. Receiver: 5
Receiver: 4. first element 3
Sender: 5. Sent elements: 10000000. Tag: 6. Receiver: 6
Receiver: 5. first element 4
Sender: 6. Sent elements: 10000000. Tag: 7. Receiver: 7
Receiver: 6. first element 5
Sender: 7. Sent elements: 10000000. Tag: 8. Receiver: 8
Receiver: 7. first element 6
Sender: 8. Sent elements: 10000000. Tag: 9. Receiver: 9
Receiver: 8. first element 7
Sender: 9. Sent elements: 10000000. Tag: 10. Receiver: 10
Receiver: 9. first element 8
Sender: 10. Sent elements: 10000000. Tag: 11. Receiver: 11
Receiver: 10. first element 9
Sender: 11. Sent elements: 10000000. Tag: 12. Receiver: 12
Receiver: 11. first element 10
Sender: 12. Sent elements: 10000000. Tag: 13. Receiver: 13
Receiver: 12. first element 11
Sender: 13. Sent elements: 10000000. Tag: 14. Receiver: 14
Receiver: 13. first element 12
Sender: 14. Sent elements: 10000000. Tag: 15. Receiver: 15
Receiver: 14. first element 13
Sender: 15. Sent elements: 10000000. Tag: 16. Receiver: 16
Receiver: 15. first element 14
Sender: 16. Sent elements: 10000000. Tag: 17. Receiver: 17
Receiver: 16. first element 15
Sender: 17. Sent elements: 10000000. Tag: 18. Receiver: 18
Receiver: 17. first element 16
Sender: 18. Sent elements: 10000000. Tag: 19. Receiver: 19
Receiver: 18. first element 17
Sender: 19. Sent elements: 10000000. Tag: 20. Receiver: 20
Receiver: 19. first element 18
Sender: 20. Sent elements: 10000000. Tag: 21. Receiver: 21
Receiver: 20. first element 19
Sender: 21. Sent elements: 10000000. Tag: 22. Receiver: 22
Receiver: 21. first element 20
Sender: 22. Sent elements: 10000000. Tag: 23. Receiver: 23
Receiver: 22. first element 21
Sender: 23. Sent elements: 10000000. Tag: 24. Receiver: 24
Receiver: 23. first element 22
Sender: 24. Sent elements: 10000000. Tag: 25. Receiver: 25
Receiver: 24. first element 23
Sender: 25. Sent elements: 10000000. Tag: 26. Receiver: 26
Receiver: 25. first element 24
Sender: 26. Sent elements: 10000000. Tag: 27. Receiver: 27
Receiver: 26. first element 25
Sender: 27. Sent elements: 10000000. Tag: 28. Receiver: 28
Receiver: 27. first element 26
Sender: 28. Sent elements: 10000000. Tag: 29. Receiver: 29
Receiver: 28. first element 27
Sender: 29. Sent elements: 10000000. Tag: 30. Receiver: 30
Receiver: 29. first element 28
Sender: 30. Sent elements: 10000000. Tag: 31. Receiver: 31
Receiver: 30. first element 29
Sender: 31. Sent elements: 10000000. Tag: 32. Receiver: 32
Receiver: 31. first element 30
Sender: 32. Sent elements: 10000000. Tag: 33. Receiver: 33
Receiver: 32. first element 31
Sender: 33. Sent elements: 10000000. Tag: 34. Receiver: 34
Receiver: 33. first element 32
Sender: 34. Sent elements: 10000000. Tag: 35. Receiver: 35
Receiver: 34. first element 33
Sender: 35. Sent elements: 10000000. Tag: 36. Receiver: 36
Receiver: 35. first element 34
Sender: 36. Sent elements: 10000000. Tag: 37. Receiver: 37
Receiver: 36. first element 35
Sender: 37. Sent elements: 10000000. Tag: 38. Receiver: 38
Receiver: 37. first element 36
Sender: 38. Sent elements: 10000000. Tag: 39. Receiver: 39
Receiver: 38. first element 37
Sender: 39. Sent elements: 10000000. Tag: 40. Receiver: 40
Receiver: 39. first element 38
Sender: 40. Sent elements: 10000000. Tag: 41. Receiver: 41
Receiver: 40. first element 39
Sender: 41. Sent elements: 10000000. Tag: 42. Receiver: 42
Receiver: 41. first element 40
Sender: 42. Sent elements: 10000000. Tag: 43. Receiver: 43
Receiver: 42. first element 41
Sender: 43. Sent elements: 10000000. Tag: 44. Receiver: 44
Receiver: 43. first element 42
Sender: 44. Sent elements: 10000000. Tag: 45. Receiver: 45
Receiver: 44. first element 43
Sender: 45. Sent elements: 10000000. Tag: 46. Receiver: 46
Receiver: 45. first element 44
Sender: 46. Sent elements: 10000000. Tag: 47. Receiver: 47
Receiver: 46. first element 45
Sender: 47. Sent elements: 10000000. Tag: 48. Receiver: 48
Receiver: 47. first element 46
Sender: 48. Sent elements: 10000000. Tag: 49. Receiver: 49
Receiver: 48. first element 47
Sender: 49. Sent elements: 10000000. Tag: 50. Receiver: 50
Receiver: 49. first element 48
Sender: 50. Sent elements: 10000000. Tag: 51. Receiver: 51
Receiver: 50. first element 49
Sender: 51. Sent elements: 10000000. Tag: 52. Receiver: 52
Receiver: 51. first element 50
Sender: 52. Sent elements: 10000000. Tag: 53. Receiver: 53
Receiver: 52. first element 51
Sender: 53. Sent elements: 10000000. Tag: 54. Receiver: 54
Receiver: 53. first element 52
Sender: 54. Sent elements: 10000000. Tag: 55. Receiver: 55
Receiver: 54. first element 53
Sender: 55. Sent elements: 10000000. Tag: 56. Receiver: 56
Receiver: 55. first element 54
Sender: 56. Sent elements: 10000000. Tag: 57. Receiver: 57
Receiver: 56. first element 55
Sender: 57. Sent elements: 10000000. Tag: 58. Receiver: 58
Receiver: 57. first element 56
Sender: 58. Sent elements: 10000000. Tag: 59. Receiver: 59
Receiver: 58. first element 57
Sender: 59. Sent elements: 10000000. Tag: 60. Receiver: 60
Receiver: 59. first element 58
Sender: 60. Sent elements: 10000000. Tag: 61. Receiver: 61
Receiver: 60. first element 59
Sender: 61. Sent elements: 10000000. Tag: 62. Receiver: 62
Receiver: 61. first element 60
Sender: 62. Sent elements: 10000000. Tag: 63. Receiver: 63
Receiver: 62. first element 61
Sender: 63. Sent elements: 10000000. Tag: 64. Receiver: -1
Receiver: 63. first element 62
Time elapsed in rank  0:  2.176
Time elapsed in rank  1:  2.176
Time elapsed in rank  2:  2.143
Time elapsed in rank  3:  2.109
Time elapsed in rank  4:  2.076
Time elapsed in rank  5:  2.042
Time elapsed in rank  6:  2.008
Time elapsed in rank  7:  1.975
Time elapsed in rank  8:  1.940
Time elapsed in rank  9:  1.907
Time elapsed in rank 10:  1.873
Time elapsed in rank 11:  1.839
Time elapsed in rank 12:  1.806
Time elapsed in rank 13:  1.772
Time elapsed in rank 14:  1.739
Time elapsed in rank 15:  1.705
Time elapsed in rank 16:  1.671
Time elapsed in rank 17:  1.637
Time elapsed in rank 18:  1.603
Time elapsed in rank 19:  1.569
Time elapsed in rank 20:  1.535
Time elapsed in rank 21:  1.501
Time elapsed in rank 22:  1.467
Time elapsed in rank 23:  1.433
Time elapsed in rank 24:  1.399
Time elapsed in rank 25:  1.364
Time elapsed in rank 26:  1.331
Time elapsed in rank 27:  1.297
Time elapsed in rank 28:  1.263
Time elapsed in rank 29:  1.229
Time elapsed in rank 30:  1.195
Time elapsed in rank 31:  1.161
Time elapsed in rank 32:  1.127
Time elapsed in rank 33:  1.093
Time elapsed in rank 34:  1.060
Time elapsed in rank 35:  1.026
Time elapsed in rank 36:  0.992
Time elapsed in rank 37:  0.958
Time elapsed in rank 38:  0.924
Time elapsed in rank 39:  0.890
Time elapsed in rank 40:  0.856
Time elapsed in rank 41:  0.822
Time elapsed in rank 42:  0.788
Time elapsed in rank 43:  0.754
Time elapsed in rank 44:  0.720
Time elapsed in rank 45:  0.686
Time elapsed in rank 46:  0.652
Time elapsed in rank 47:  0.617
Time elapsed in rank 48:  0.582
Time elapsed in rank 49:  0.545
Time elapsed in rank 50:  0.511
Time elapsed in rank 51:  0.477
Time elapsed in rank 52:  0.443
Time elapsed in rank 53:  0.409
Time elapsed in rank 54:  0.375
Time elapsed in rank 55:  0.339
Time elapsed in rank 56:  0.301
Time elapsed in rank 57:  0.264
Time elapsed in rank 58:  0.227
Time elapsed in rank 59:  0.189
Time elapsed in rank 60:  0.152
Time elapsed in rank 61:  0.114
Time elapsed in rank 62:  0.076
Time elapsed in rank 63:  0.038
