Sender: 0. Sent elements: 10000000. Tag: 1. Receiver: 1
Receiver: 0. first element -1
Receiver: 1. first element 0
Sender: 1. Sent elements: 10000000. Tag: 2. Receiver: 2
Sender: 2. Sent elements: 10000000. Tag: 3. Receiver: 3
Receiver: 2. first element 1
Receiver: 3. first element 2
Sender: 3. Sent elements: 10000000. Tag: 4. Receiver: 4
Sender: 4. Sent elements: 10000000. Tag: 5. Receiver: 5
Receiver: 4. first element 3
Receiver: 5. first element 4
Sender: 5. Sent elements: 10000000. Tag: 6. Receiver: 6
Sender: 6. Sent elements: 10000000. Tag: 7. Receiver: 7
Receiver: 6. first element 5
Receiver: 7. first element 6
Sender: 7. Sent elements: 10000000. Tag: 8. Receiver: 8
Sender: 8. Sent elements: 10000000. Tag: 9. Receiver: 9
Receiver: 8. first element 7
Receiver: 9. first element 8
Sender: 9. Sent elements: 10000000. Tag: 10. Receiver: 10
Sender: 10. Sent elements: 10000000. Tag: 11. Receiver: 11
Receiver: 10. first element 9
Receiver: 11. first element 10
Sender: 11. Sent elements: 10000000. Tag: 12. Receiver: 12
Sender: 12. Sent elements: 10000000. Tag: 13. Receiver: 13
Receiver: 12. first element 11
Receiver: 13. first element 12
Sender: 13. Sent elements: 10000000. Tag: 14. Receiver: 14
Sender: 14. Sent elements: 10000000. Tag: 15. Receiver: 15
Receiver: 14. first element 13
Receiver: 15. first element 14
Sender: 15. Sent elements: 10000000. Tag: 16. Receiver: 16
Sender: 16. Sent elements: 10000000. Tag: 17. Receiver: 17
Receiver: 16. first element 15
Receiver: 17. first element 16
Sender: 17. Sent elements: 10000000. Tag: 18. Receiver: 18
Sender: 18. Sent elements: 10000000. Tag: 19. Receiver: 19
Receiver: 18. first element 17
Receiver: 19. first element 18
Sender: 19. Sent elements: 10000000. Tag: 20. Receiver: 20
Sender: 20. Sent elements: 10000000. Tag: 21. Receiver: 21
Receiver: 20. first element 19
Receiver: 21. first element 20
Sender: 21. Sent elements: 10000000. Tag: 22. Receiver: 22
Sender: 22. Sent elements: 10000000. Tag: 23. Receiver: 23
Receiver: 22. first element 21
Receiver: 23. first element 22
Sender: 23. Sent elements: 10000000. Tag: 24. Receiver: 24
Sender: 24. Sent elements: 10000000. Tag: 25. Receiver: 25
Receiver: 24. first element 23
Receiver: 25. first element 24
Sender: 25. Sent elements: 10000000. Tag: 26. Receiver: 26
Sender: 26. Sent elements: 10000000. Tag: 27. Receiver: 27
Receiver: 26. first element 25
Receiver: 27. first element 26
Sender: 27. Sent elements: 10000000. Tag: 28. Receiver: 28
Sender: 28. Sent elements: 10000000. Tag: 29. Receiver: 29
Receiver: 28. first element 27
Receiver: 29. first element 28
Sender: 29. Sent elements: 10000000. Tag: 30. Receiver: 30
Sender: 30. Sent elements: 10000000. Tag: 31. Receiver: 31
Receiver: 30. first element 29
Receiver: 31. first element 30
Sender: 31. Sent elements: 10000000. Tag: 32. Receiver: 32
Sender: 32. Sent elements: 10000000. Tag: 33. Receiver: 33
Receiver: 32. first element 31
Receiver: 33. first element 32
Sender: 33. Sent elements: 10000000. Tag: 34. Receiver: 34
Sender: 34. Sent elements: 10000000. Tag: 35. Receiver: 35
Receiver: 34. first element 33
Receiver: 35. first element 34
Sender: 35. Sent elements: 10000000. Tag: 36. Receiver: 36
Sender: 36. Sent elements: 10000000. Tag: 37. Receiver: 37
Receiver: 36. first element 35
Receiver: 37. first element 36
Sender: 37. Sent elements: 10000000. Tag: 38. Receiver: 38
Sender: 38. Sent elements: 10000000. Tag: 39. Receiver: 39
Receiver: 38. first element 37
Receiver: 39. first element 38
Sender: 39. Sent elements: 10000000. Tag: 40. Receiver: 40
Sender: 40. Sent elements: 10000000. Tag: 41. Receiver: 41
Receiver: 40. first element 39
Receiver: 41. first element 40
Sender: 41. Sent elements: 10000000. Tag: 42. Receiver: 42
Sender: 42. Sent elements: 10000000. Tag: 43. Receiver: 43
Receiver: 42. first element 41
Receiver: 43. first element 42
Sender: 43. Sent elements: 10000000. Tag: 44. Receiver: 44
Sender: 44. Sent elements: 10000000. Tag: 45. Receiver: 45
Receiver: 44. first element 43
Receiver: 45. first element 44
Sender: 45. Sent elements: 10000000. Tag: 46. Receiver: 46
Sender: 46. Sent elements: 10000000. Tag: 47. Receiver: 47
Receiver: 46. first element 45
Receiver: 47. first element 46
Sender: 47. Sent elements: 10000000. Tag: 48. Receiver: 48
Sender: 48. Sent elements: 10000000. Tag: 49. Receiver: 49
Receiver: 48. first element 47
Receiver: 49. first element 48
Sender: 49. Sent elements: 10000000. Tag: 50. Receiver: 50
Sender: 50. Sent elements: 10000000. Tag: 51. Receiver: 51
Receiver: 50. first element 49
Receiver: 51. first element 50
Sender: 51. Sent elements: 10000000. Tag: 52. Receiver: 52
Sender: 52. Sent elements: 10000000. Tag: 53. Receiver: 53
Receiver: 52. first element 51
Receiver: 53. first element 52
Sender: 53. Sent elements: 10000000. Tag: 54. Receiver: 54
Sender: 54. Sent elements: 10000000. Tag: 55. Receiver: 55
Receiver: 54. first element 53
Receiver: 55. first element 54
Sender: 55. Sent elements: 10000000. Tag: 56. Receiver: 56
Sender: 56. Sent elements: 10000000. Tag: 57. Receiver: 57
Receiver: 56. first element 55
Receiver: 57. first element 56
Sender: 57. Sent elements: 10000000. Tag: 58. Receiver: 58
Sender: 58. Sent elements: 10000000. Tag: 59. Receiver: 59
Receiver: 58. first element 57
Receiver: 59. first element 58
Sender: 59. Sent elements: 10000000. Tag: 60. Receiver: 60
Sender: 60. Sent elements: 10000000. Tag: 61. Receiver: 61
Receiver: 60. first element 59
Receiver: 61. first element 60
Sender: 61. Sent elements: 10000000. Tag: 62. Receiver: 62
Sender: 62. Sent elements: 10000000. Tag: 63. Receiver: 63
Receiver: 62. first element 61
Receiver: 63. first element 62
Sender: 63. Sent elements: 10000000. Tag: 64. Receiver: -1
Time elapsed in rank  0:  0.043
Time elapsed in rank  1:  0.086
Time elapsed in rank  2:  0.086
Time elapsed in rank  3:  0.086
Time elapsed in rank  4:  0.086
Time elapsed in rank  5:  0.086
Time elapsed in rank  6:  0.086
Time elapsed in rank  7:  0.087
Time elapsed in rank  8:  0.087
Time elapsed in rank  9:  0.087
Time elapsed in rank 10:  0.087
Time elapsed in rank 11:  0.087
Time elapsed in rank 12:  0.087
Time elapsed in rank 13:  0.087
Time elapsed in rank 14:  0.087
Time elapsed in rank 15:  0.087
Time elapsed in rank 16:  0.087
Time elapsed in rank 17:  0.087
Time elapsed in rank 18:  0.087
Time elapsed in rank 19:  0.087
Time elapsed in rank 20:  0.087
Time elapsed in rank 21:  0.087
Time elapsed in rank 22:  0.087
Time elapsed in rank 23:  0.087
Time elapsed in rank 24:  0.087
Time elapsed in rank 25:  0.087
Time elapsed in rank 26:  0.087
Time elapsed in rank 27:  0.087
Time elapsed in rank 28:  0.087
Time elapsed in rank 29:  0.087
Time elapsed in rank 30:  0.087
Time elapsed in rank 31:  0.088
Time elapsed in rank 32:  0.088
Time elapsed in rank 33:  0.088
Time elapsed in rank 34:  0.088
Time elapsed in rank 35:  0.088
Time elapsed in rank 36:  0.088
Time elapsed in rank 37:  0.088
Time elapsed in rank 38:  0.088
Time elapsed in rank 39:  0.088
Time elapsed in rank 40:  0.088
Time elapsed in rank 41:  0.088
Time elapsed in rank 42:  0.088
Time elapsed in rank 43:  0.088
Time elapsed in rank 44:  0.088
Time elapsed in rank 45:  0.088
Time elapsed in rank 46:  0.088
Time elapsed in rank 47:  0.088
Time elapsed in rank 48:  0.088
Time elapsed in rank 49:  0.088
Time elapsed in rank 50:  0.088
Time elapsed in rank 51:  0.088
Time elapsed in rank 52:  0.088
Time elapsed in rank 53:  0.088
Time elapsed in rank 54:  0.088
Time elapsed in rank 55:  0.088
Time elapsed in rank 56:  0.088
Time elapsed in rank 57:  0.088
Time elapsed in rank 58:  0.088
Time elapsed in rank 59:  0.088
Time elapsed in rank 60:  0.088
Time elapsed in rank 61:  0.088
Time elapsed in rank 62:  0.088
Time elapsed in rank 63:  0.045
