Main thread: initial var = 42
Thread    8: initial var = 42
Thread    8:   final var = 8
Thread    0: initial var = 8
Thread    1: initial var = 8
Thread   15: initial var = 0
Thread    6: initial var = 8
Thread    0:   final var = 0
Thread    6:   final var = 6
Thread   13: initial var = 15
Thread    7: initial var = 6
Thread    7:   final var = 7
Thread    9: initial var = 15
Thread    9:   final var = 9
Thread   10: initial var = 15
Thread   10:   final var = 10
Thread   12: initial var = 15
Thread   12:   final var = 12
Thread   14: initial var = 6
Thread   14:   final var = 14
Thread   11: initial var = 0
Thread   11:   final var = 11
Thread    1:   final var = 1
Thread    2: initial var = 42
Thread    2:   final var = 2
Thread    4: initial var = 6
Thread    4:   final var = 4
Thread    3: initial var = 6
Thread    3:   final var = 3
Thread    5: initial var = 6
Thread    5:   final var = 5
Thread   13:   final var = 13
Thread   15:   final var = 15
Main thread:   final var = 5
