rank 0: 0 1 2 3 4 5 6 7 
rank 1: 8 9 10 11 12 13 14 15 
rank 2: 16 17 18 19 20 21 22 23 
rank 3: 24 25 26 27 28 29 30 31 

Case 1:
rank 0: 0 1 2 3 4 5 6 7 
rank 1: 0 1 2 3 4 5 6 7 
rank 2: 0 1 2 3 4 5 6 7 
rank 3: 0 1 2 3 4 5 6 7 

Case 2:
rank 0: 0 1 -1 -1 -1 -1 -1 -1 
rank 1: 2 3 -1 -1 -1 -1 -1 -1 
rank 2: 4 5 -1 -1 -1 -1 -1 -1 
rank 3: 6 7 -1 -1 -1 -1 -1 -1 

Case 3:
rank 0: -1 -1 -1 -1 -1 -1 -1 -1 
rank 1: 0 8 16 17 24 25 26 27 
rank 2: -1 -1 -1 -1 -1 -1 -1 -1 
rank 3: -1 -1 -1 -1 -1 -1 -1 -1 

Case 4:
rank 0: 0 1 8 9 16 17 24 25 
rank 1: 2 3 10 11 18 19 26 27 
rank 2: 4 5 12 13 20 21 28 29 
rank 3: 6 7 14 15 22 23 30 31 

